0 info it worked if it ends with ok
1 verbose cli [ 'd:\\Program Files\\nodejs\\node.exe',
1 verbose cli   'd:\\Program Files\\nodejs\\node_modules\\npm\\bin\\npm-cli.js',
1 verbose cli   'run',
1 verbose cli   'start' ]
2 info using npm@3.6.0
3 info using node@v5.6.0
4 verbose run-script [ 'prestart', 'start', 'poststart' ]
5 info lifecycle 863project@0.0.0~prestart: 863project@0.0.0
6 silly lifecycle 863project@0.0.0~prestart: no script for prestart, continuing
7 info lifecycle 863project@0.0.0~start: 863project@0.0.0
8 verbose lifecycle 863project@0.0.0~start: unsafe-perm in lifecycle true
9 verbose lifecycle 863project@0.0.0~start: PATH: d:\Program Files\nodejs\node_modules\npm\bin\node-gyp-bin;e:\GraduateSemester2\863project\node_modules\.bin;c:\Users\cl282907\bin;.;D:\Git\Git\local\bin;D:\Git\Git\mingw\bin;D:\Git\Git\bin;D:\Git\Git\bin;f:\jdk\bin;d:\python;c:\Program Files (x86)\Microsoft SQL Server\90\Tools\binn\;d:\Program Files\MySQL\MySQL Utilities 1.3.5\;d:\Program Files\MySQL\MySQL Server 5.7\bin;d:\Python27;d:\Python34;d:\Python27\Scripts;c:\Windows\System32;d:\Python27\Lib\site-packages\PIL-1.1.7-py2.7-win32.egg;d:\Python34\Lib\Imaging-1.1.6\PIL;d:\Python34\Scripts;d:\Python34\Lib\site-packages;d:\Python27\Lib\site-packages\pyocr-0.2.4-py2.7.egg;d:\Python27\Lib\site-packages\pytesser_v0.0.1;f:\AndroidSdk\tools;f:\AndroidSdk\build-tools;d:\Python27;d:\Program Files\nodejs\;d:\Ruby22-x64\bin;d:\Ruby22-x64\bin;c:\Users\cl282907\algs4\bin;c:\Users\cl282907\algs4\java\bin;f:\c++install\Tools\WinNT;f:\c++install\MSDev98\Bin;f:\c++install\Tools;f:\VC98\bin;c:\Users\cl282907\AppData\Roaming\npm;.
10 verbose lifecycle 863project@0.0.0~start: CWD: e:\GraduateSemester2\863project
11 silly lifecycle 863project@0.0.0~start: Args: [ '/d /s /c', ' gulp && node ./bin/www ' ]
12 silly lifecycle 863project@0.0.0~start: Returned: code: 3221225725  signal: null
13 info lifecycle 863project@0.0.0~start: Failed to exec start script
14 verbose stack Error: 863project@0.0.0 start: ` gulp && node ./bin/www `
14 verbose stack Exit status 3221225725
14 verbose stack     at EventEmitter.<anonymous> (d:\Program Files\nodejs\node_modules\npm\lib\utils\lifecycle.js:232:16)
14 verbose stack     at emitTwo (events.js:100:13)
14 verbose stack     at EventEmitter.emit (events.js:185:7)
14 verbose stack     at ChildProcess.<anonymous> (d:\Program Files\nodejs\node_modules\npm\lib\utils\spawn.js:24:14)
14 verbose stack     at emitTwo (events.js:100:13)
14 verbose stack     at ChildProcess.emit (events.js:185:7)
14 verbose stack     at maybeClose (internal/child_process.js:827:16)
14 verbose stack     at Process.ChildProcess._handle.onexit (internal/child_process.js:211:5)
15 verbose pkgid 863project@0.0.0
16 verbose cwd e:\GraduateSemester2\863project
17 error Windows_NT 6.1.7601
18 error argv "d:\\Program Files\\nodejs\\node.exe" "d:\\Program Files\\nodejs\\node_modules\\npm\\bin\\npm-cli.js" "run" "start"
19 error node v5.6.0
20 error npm  v3.6.0
21 error code ELIFECYCLE
22 error 863project@0.0.0 start: ` gulp && node ./bin/www `
22 error Exit status 3221225725
23 error Failed at the 863project@0.0.0 start script ' gulp && node ./bin/www '.
23 error Make sure you have the latest version of node.js and npm installed.
23 error If you do, this is most likely a problem with the 863project package,
23 error not with npm itself.
23 error Tell the author that this fails on your system:
23 error      gulp && node ./bin/www
23 error You can get information on how to open an issue for this project with:
23 error     npm bugs 863project
23 error Or if that isn't available, you can get their info via:
23 error     npm owner ls 863project
23 error There is likely additional logging output above.
24 verbose exit [ 1, true ]
